# JRE version: Java(TM) SE Runtime Environment (8.0_111-b14) (build 1.8.0_111-b14)
# Java VM: Java HotSpot(TM) 64-Bit Server VM (25.111-b14 mixed mode bsd-amd64 compressed oops)
Heap:
 PSYoungGen      total 249344K, used 83536K [0x0000000795580000, 0x00000007a6e80000, 0x00000007c0000000)
  eden space 218112K, 33% used [0x0000000795580000,0x0000000799c5bc50,0x00000007a2a80000)
  from space 31232K, 35% used [0x00000007a5000000,0x00000007a5ab8530,0x00000007a6e80000)
  to   space 34816K, 0% used [0x00000007a2a80000,0x00000007a2a80000,0x00000007a4c80000)
 ParOldGen       total 125952K, used 41348K [0x0000000740000000, 0x0000000747b00000, 0x0000000795580000)
  object space 125952K, 32% used [0x0000000740000000,0x0000000742861308,0x0000000747b00000)
 Metaspace       used 48685K, capacity 49374K, committed 49536K, reserved 1093632K
  class space    used 5825K, capacity 5999K, committed 6016K, reserved 1048576K
GC Heap History (10 events):
Event: 10.503 GC heap before
{Heap before GC invocations=10 (full 1):
 PSYoungGen      total 146944K, used 146942K [0x0000000795580000, 0x00000007a4680000, 0x00000007c0000000)
  eden space 126976K, 100% used [0x0000000795580000,0x000000079d180000,0x000000079d180000)
  from space 19968K, 99% used [0x000000079ec00000,0x000000079ff7fa90,0x000000079ff80000)
  to   space 27136K, 0% used [0x000000079d180000,0x000000079d180000,0x000000079ec00000)
 ParOldGen       total 81920K, used 34268K [0x0000000740000000, 0x0000000745000000, 0x0000000795580000)
  object space 81920K, 41% used [0x0000000740000000,0x00000007421770f0,0x0000000745000000)
 Metaspace       used 28204K, capacity 28776K, committed 28928K, reserved 1075200K
  class space    used 3347K, capacity 3496K, committed 3584K, reserved 1048576K
Event: 10.534 GC heap after
Heap after GC invocations=10 (full 1):
 PSYoungGen      total 154112K, used 27119K [0x0000000795580000, 0x00000007a3a80000, 0x00000007c0000000)
  eden space 126976K, 0% used [0x0000000795580000,0x0000000795580000,0x000000079d180000)
  from space 27136K, 99% used [0x000000079d180000,0x000000079ebfbcd8,0x000000079ec00000)
  to   space 33280K, 0% used [0x00000007a1a00000,0x00000007a1a00000,0x00000007a3a80000)
 ParOldGen       total 81920K, used 39356K [0x0000000740000000, 0x0000000745000000, 0x0000000795580000)
  object space 81920K, 48% used [0x0000000740000000,0x000000074266f118,0x0000000745000000)
 Metaspace       used 28204K, capacity 28776K, committed 28928K, reserved 1075200K
  class space    used 3347K, capacity 3496K, committed 3584K, reserved 1048576K
}
Event: 11.296 GC heap before
{Heap before GC invocations=11 (full 1):
 PSYoungGen      total 154112K, used 154095K [0x0000000795580000, 0x00000007a3a80000, 0x00000007c0000000)
  eden space 126976K, 100% used [0x0000000795580000,0x000000079d180000,0x000000079d180000)
  from space 27136K, 99% used [0x000000079d180000,0x000000079ebfbcd8,0x000000079ec00000)
  to   space 33280K, 0% used [0x00000007a1a00000,0x00000007a1a00000,0x00000007a3a80000)
 ParOldGen       total 81920K, used 39356K [0x0000000740000000, 0x0000000745000000, 0x0000000795580000)
  object space 81920K, 48% used [0x0000000740000000,0x000000074266f118,0x0000000745000000)
 Metaspace       used 28206K, capacity 28776K, committed 28928K, reserved 1075200K
  class space    used 3347K, capacity 3496K, committed 3584K, reserved 1048576K
Event: 11.336 GC heap after
Heap after GC invocations=11 (full 1):
 PSYoungGen      total 197632K, used 29558K [0x0000000795580000, 0x00000007a4700000, 0x00000007c0000000)
  eden space 164352K, 0% used [0x0000000795580000,0x0000000795580000,0x000000079f600000)
  from space 33280K, 88% used [0x00000007a1a00000,0x00000007a36dd980,0x00000007a3a80000)
  to   space 36864K, 0% used [0x000000079f600000,0x000000079f600000,0x00000007a1a00000)
 ParOldGen       total 81920K, used 44397K [0x0000000740000000, 0x0000000745000000, 0x0000000795580000)
  object space 81920K, 54% used [0x0000000740000000,0x0000000742b5b5c0,0x0000000745000000)
 Metaspace       used 28206K, capacity 28776K, committed 28928K, reserved 1075200K
  class space    used 3347K, capacity 3496K, committed 3584K, reserved 1048576K
}
Event: 13.198 GC heap before
{Heap before GC invocations=12 (full 1):
 PSYoungGen      total 197632K, used 155140K [0x0000000795580000, 0x00000007a4700000, 0x00000007c0000000)
  eden space 164352K, 76% used [0x0000000795580000,0x000000079d023900,0x000000079f600000)
  from space 33280K, 88% used [0x00000007a1a00000,0x00000007a36dd980,0x00000007a3a80000)
  to   space 36864K, 0% used [0x000000079f600000,0x000000079f600000,0x00000007a1a00000)
 ParOldGen       total 81920K, used 44397K [0x0000000740000000, 0x0000000745000000, 0x0000000795580000)
  object space 81920K, 54% used [0x0000000740000000,0x0000000742b5b5c0,0x0000000745000000)
 Metaspace       used 34716K, capacity 35408K, committed 35496K, reserved 1081344K
  class space    used 4150K, capacity 4342K, committed 4352K, reserved 1048576K
Event: 13.217 GC heap after
Heap after GC invocations=12 (full 1):
 PSYoungGen      total 201216K, used 18319K [0x0000000795580000, 0x00000007a7300000, 0x00000007c0000000)
  eden space 164352K, 0% used [0x0000000795580000,0x0000000795580000,0x000000079f600000)
  from space 36864K, 49% used [0x000000079f600000,0x00000007a07e3e00,0x00000007a1a00000)
  to   space 35840K, 0% used [0x00000007a5000000,0x00000007a5000000,0x00000007a7300000)
 ParOldGen       total 81920K, used 47692K [0x0000000740000000, 0x0000000745000000, 0x0000000795580000)
  object space 81920K, 58% used [0x0000000740000000,0x0000000742e931f0,0x0000000745000000)
 Metaspace       used 34716K, capacity 35408K, committed 35496K, reserved 1081344K
  class space    used 4150K, capacity 4342K, committed 4352K, reserved 1048576K
}
Event: 13.217 GC heap before
{Heap before GC invocations=13 (full 2):
 PSYoungGen      total 201216K, used 18319K [0x0000000795580000, 0x00000007a7300000, 0x00000007c0000000)
  eden space 164352K, 0% used [0x0000000795580000,0x0000000795580000,0x000000079f600000)
  from space 36864K, 49% used [0x000000079f600000,0x00000007a07e3e00,0x00000007a1a00000)
  to   space 35840K, 0% used [0x00000007a5000000,0x00000007a5000000,0x00000007a7300000)
 ParOldGen       total 81920K, used 47692K [0x0000000740000000, 0x0000000745000000, 0x0000000795580000)
  object space 81920K, 58% used [0x0000000740000000,0x0000000742e931f0,0x0000000745000000)
 Metaspace       used 34716K, capacity 35408K, committed 35496K, reserved 1081344K
  class space    used 4150K, capacity 4342K, committed 4352K, reserved 1048576K
Event: 13.335 GC heap after
Heap after GC invocations=13 (full 2):
 PSYoungGen      total 201216K, used 0K [0x0000000795580000, 0x00000007a7300000, 0x00000007c0000000)
  eden space 164352K, 0% used [0x0000000795580000,0x0000000795580000,0x000000079f600000)
  from space 36864K, 0% used [0x000000079f600000,0x000000079f600000,0x00000007a1a00000)
  to   space 35840K, 0% used [0x00000007a5000000,0x00000007a5000000,0x00000007a7300000)
 ParOldGen       total 125952K, used 41340K [0x0000000740000000, 0x0000000747b00000, 0x0000000795580000)
  object space 125952K, 32% used [0x0000000740000000,0x000000074285f308,0x0000000747b00000)
 Metaspace       used 34716K, capacity 35408K, committed 35496K, reserved 1081344K
  class space    used 4150K, capacity 4342K, committed 4352K, reserved 1048576K
}
Event: 15.694 GC heap before
{Heap before GC invocations=14 (full 2):
 PSYoungGen      total 201216K, used 164352K [0x0000000795580000, 0x00000007a7300000, 0x00000007c0000000)
  eden space 164352K, 100% used [0x0000000795580000,0x000000079f600000,0x000000079f600000)
  from space 36864K, 0% used [0x000000079f600000,0x000000079f600000,0x00000007a1a00000)
  to   space 35840K, 0% used [0x00000007a5000000,0x00000007a5000000,0x00000007a7300000)
 ParOldGen       total 125952K, used 41340K [0x0000000740000000, 0x0000000747b00000, 0x0000000795580000)
  object space 125952K, 32% used [0x0000000740000000,0x000000074285f308,0x0000000747b00000)
 Metaspace       used 42903K, capacity 43628K, committed 43776K, reserved 1087488K
  class space    used 5114K, capacity 5344K, committed 5376K, reserved 1048576K
Event: 15.710 GC heap after
Heap after GC invocations=14 (full 2):
 PSYoungGen      total 249344K, used 10977K [0x0000000795580000, 0x00000007a6e80000, 0x00000007c0000000)
  eden space 218112K, 0% used [0x0000000795580000,0x0000000795580000,0x00000007a2a80000)
  from space 31232K, 35% used [0x00000007a5000000,0x00000007a5ab8530,0x00000007a6e80000)
  to   space 34816K, 0% used [0x00000007a2a80000,0x00000007a2a80000,0x00000007a4c80000)
 ParOldGen       total 125952K, used 41348K [0x0000000740000000, 0x0000000747b00000, 0x0000000795580000)
  object space 125952K, 32% used [0x0000000740000000,0x0000000742861308,0x0000000747b00000)
 Metaspace       used 42903K, capacity 43628K, committed 43776K, reserved 1087488K
  class space    used 5114K, capacity 5344K, committed 5376K, reserved 1048576K
}

